<?xml version="1.0" encoding="utf-8"?><testsuites name="pytest tests"><testsuite name="pytest" errors="0" failures="0" skipped="0" tests="28" time="21.863" timestamp="2026-04-18T09:13:55.036811+00:00" hostname="agent-env-5257e2d4-1238-4349-bb7e-25a3b606975d"><testcase classname="tests.test_brianna_api.TestHealthCheck" name="test_health_check" time="0.176" /><testcase classname="tests.test_brianna_api.TestProducts" name="test_list_products" time="0.115" /><testcase classname="tests.test_brianna_api.TestProducts" name="test_featured_products" time="0.106" /><testcase classname="tests.test_brianna_api.TestProducts" name="test_categories" time="0.118" /><testcase classname="tests.test_brianna_api.TestProducts" name="test_product_detail" time="0.115" /><testcase classname="tests.test_brianna_api.TestProducts" name="test_search_and_sort" time="0.105" /><testcase classname="tests.test_brianna_api.TestSubscriptions" name="test_subscription_tiers" time="0.113" /><testcase classname="tests.test_brianna_api.TestShipping" name="test_shipping_rates" time="0.099" /><testcase classname="tests.test_brianna_api.TestAuth" name="test_register_new_user" time="0.336" /><testcase classname="tests.test_brianna_api.TestAuth" name="test_login_admin" time="0.336" /><testcase classname="tests.test_brianna_api.TestAuth" name="test_get_current_user" time="0.373" /><testcase classname="tests.test_brianna_api.TestAuth" name="test_logout" time="0.423" /><testcase classname="tests.test_brianna_api.TestAuth" name="test_refresh_token" time="0.367" /><testcase classname="tests.test_brianna_api.TestCheckout" name="test_checkout_cart" time="0.711" /><testcase classname="tests.test_brianna_api.TestCheckout" name="test_checkout_subscription" time="0.624" /><testcase classname="tests.test_brianna_api.TestCheckout" name="test_checkout_status" time="0.888" /><testcase classname="tests.test_brianna_api.TestAuthenticatedEndpoints" name="test_add_review" time="0.495" /><testcase classname="tests.test_brianna_api.TestAuthenticatedEndpoints" name="test_toggle_wishlist" time="0.520" /><testcase classname="tests.test_brianna_api.TestAuthenticatedEndpoints" name="test_get_wishlist" time="0.508" /><testcase classname="tests.test_brianna_api.TestAuthenticatedEndpoints" name="test_list_orders" time="0.483" /><testcase classname="tests.test_brianna_api.TestAuthenticatedEndpoints" name="test_list_subscriptions" time="0.489" /><testcase classname="tests.test_brianna_api.TestChatbot" name="test_chat_message" time="7.716" /><testcase classname="tests.test_brianna_api.TestChatbot" name="test_chat_history" time="3.001" /><testcase classname="tests.test_brianna_api.TestAdminEndpoints" name="test_admin_stats" time="0.694" /><testcase classname="tests.test_brianna_api.TestAdminEndpoints" name="test_admin_stats_forbidden_for_non_admin" time="0.697" /><testcase classname="tests.test_brianna_api.TestAdminEndpoints" name="test_admin_create_product" time="0.687" /><testcase classname="tests.test_brianna_api.TestAdminEndpoints" name="test_admin_delete_product" time="0.766" /><testcase classname="tests.test_brianna_api.TestAdminEndpoints" name="test_admin_list_orders" time="0.688" /></testsuite></testsuites>